-------------------------------------------------------------------------------
Test set: com.example.servingwebcontent.ServingWebContentApplicationTest
-------------------------------------------------------------------------------
Tests run: 1, Failures: 0, Errors: 1, Skipped: 0, Time elapsed: 0.988 s <<< FAILURE! - in com.example.servingwebcontent.ServingWebContentApplicationTest
greeting  Time elapsed: 0.006 s  <<< ERROR!
java.lang.IllegalStateException: Failed to load ApplicationContext
Caused by: java.lang.IllegalArgumentException: No visible constructors in class com.example.servingwebcontent.ServingWebContentApplication

